<?xml version="1.0" encoding="UTF-8" ?>
<testsuite errors="0" failures="1" hostname="EX064" name="testgrails.UserStoryRestControllerTests" tests="1" time="0.579" timestamp="2013-02-28T15:39:51">
  <properties />
  <testcase classname="testgrails.UserStoryRestControllerTests" name="testSomething" time="0.422">
    <failure message="junit.framework.AssertionFailedError: Implement me" type="junit.framework.AssertionFailedError">junit.framework.AssertionFailedError: junit.framework.AssertionFailedError: Implement me
	at testgrails.UserStoryRestControllerTests.testSomething(UserStoryRestControllerTests.groovy:15)
</failure>
  </testcase>
  <system-out><![CDATA[--Output from testSomething--
]]></system-out>
  <system-err><![CDATA[--Output from testSomething--
]]></system-err>
</testsuite>
