<?xml version="1.0" encoding="UTF-8" ?>
<testsuite errors="0" failures="0" hostname="EX064" name="testgrails.TestDataTests" tests="1" time="2.361" timestamp="2013-02-28T15:40:18">
  <properties />
  <testcase classname="testgrails.TestDataTests" name="testBuildAllDomains" time="2.361" />
  <system-out><![CDATA[--Output from testBuildAllDomains--
Test of Configuration.build()
********** SUCCESSFUL BUILD OF Artefact > Configuration
********** SUCCESSFUL BUILD OF Artefact > Configuration
********** SUCCESSFUL BUILD OF Artefact > Configuration
********** SUCCESSFUL BUILD OF Artefact > Configuration
********** SUCCESSFUL BUILD OF Artefact > Configuration
********** SUCCESSFUL BUILD OF Artefact > Configuration
********** SUCCESSFUL BUILD OF Artefact > Configuration
********** SUCCESSFUL BUILD OF Artefact > Configuration
********** SUCCESSFUL BUILD OF Artefact > Configuration
********** SUCCESSFUL BUILD OF Artefact > Configuration
Test of Epic.build()
********** SUCCESSFUL BUILD OF Artefact > Epic
********** SUCCESSFUL BUILD OF Artefact > Epic
********** SUCCESSFUL BUILD OF Artefact > Epic
********** SUCCESSFUL BUILD OF Artefact > Epic
********** SUCCESSFUL BUILD OF Artefact > Epic
********** SUCCESSFUL BUILD OF Artefact > Epic
********** SUCCESSFUL BUILD OF Artefact > Epic
********** SUCCESSFUL BUILD OF Artefact > Epic
********** SUCCESSFUL BUILD OF Artefact > Epic
********** SUCCESSFUL BUILD OF Artefact > Epic
Test of FirstEffortEstimate.build()
********** SUCCESSFUL BUILD OF Artefact > FirstEffortEstimate
********** SUCCESSFUL BUILD OF Artefact > FirstEffortEstimate
********** SUCCESSFUL BUILD OF Artefact > FirstEffortEstimate
********** SUCCESSFUL BUILD OF Artefact > FirstEffortEstimate
********** SUCCESSFUL BUILD OF Artefact > FirstEffortEstimate
********** SUCCESSFUL BUILD OF Artefact > FirstEffortEstimate
********** SUCCESSFUL BUILD OF Artefact > FirstEffortEstimate
********** SUCCESSFUL BUILD OF Artefact > FirstEffortEstimate
********** SUCCESSFUL BUILD OF Artefact > FirstEffortEstimate
********** SUCCESSFUL BUILD OF Artefact > FirstEffortEstimate
Test of MileStone.build()
********** SUCCESSFUL BUILD OF Artefact > MileStone
********** SUCCESSFUL BUILD OF Artefact > MileStone
********** SUCCESSFUL BUILD OF Artefact > MileStone
********** SUCCESSFUL BUILD OF Artefact > MileStone
********** SUCCESSFUL BUILD OF Artefact > MileStone
********** SUCCESSFUL BUILD OF Artefact > MileStone
********** SUCCESSFUL BUILD OF Artefact > MileStone
********** SUCCESSFUL BUILD OF Artefact > MileStone
********** SUCCESSFUL BUILD OF Artefact > MileStone
********** SUCCESSFUL BUILD OF Artefact > MileStone
Test of RoadMap.build()
********** SUCCESSFUL BUILD OF Artefact > RoadMap
********** SUCCESSFUL BUILD OF Artefact > RoadMap
********** SUCCESSFUL BUILD OF Artefact > RoadMap
********** SUCCESSFUL BUILD OF Artefact > RoadMap
********** SUCCESSFUL BUILD OF Artefact > RoadMap
********** SUCCESSFUL BUILD OF Artefact > RoadMap
********** SUCCESSFUL BUILD OF Artefact > RoadMap
********** SUCCESSFUL BUILD OF Artefact > RoadMap
********** SUCCESSFUL BUILD OF Artefact > RoadMap
********** SUCCESSFUL BUILD OF Artefact > RoadMap
Test of Role.build()
********** SUCCESSFUL BUILD OF Artefact > Role
********** SUCCESSFUL BUILD OF Artefact > Role
********** SUCCESSFUL BUILD OF Artefact > Role
********** SUCCESSFUL BUILD OF Artefact > Role
********** SUCCESSFUL BUILD OF Artefact > Role
********** SUCCESSFUL BUILD OF Artefact > Role
********** SUCCESSFUL BUILD OF Artefact > Role
********** SUCCESSFUL BUILD OF Artefact > Role
********** SUCCESSFUL BUILD OF Artefact > Role
********** SUCCESSFUL BUILD OF Artefact > Role
Test of System.build()
********** SUCCESSFUL BUILD OF Artefact > System
********** SUCCESSFUL BUILD OF Artefact > System
********** SUCCESSFUL BUILD OF Artefact > System
********** SUCCESSFUL BUILD OF Artefact > System
********** SUCCESSFUL BUILD OF Artefact > System
********** SUCCESSFUL BUILD OF Artefact > System
********** SUCCESSFUL BUILD OF Artefact > System
********** SUCCESSFUL BUILD OF Artefact > System
********** SUCCESSFUL BUILD OF Artefact > System
********** SUCCESSFUL BUILD OF Artefact > System
Test of SystemChange.build()
********** SUCCESSFUL BUILD OF Artefact > SystemChange
********** SUCCESSFUL BUILD OF Artefact > SystemChange
********** SUCCESSFUL BUILD OF Artefact > SystemChange
********** SUCCESSFUL BUILD OF Artefact > SystemChange
********** SUCCESSFUL BUILD OF Artefact > SystemChange
********** SUCCESSFUL BUILD OF Artefact > SystemChange
********** SUCCESSFUL BUILD OF Artefact > SystemChange
********** SUCCESSFUL BUILD OF Artefact > SystemChange
********** SUCCESSFUL BUILD OF Artefact > SystemChange
********** SUCCESSFUL BUILD OF Artefact > SystemChange
Test of UserStory.build()
********** SUCCESSFUL BUILD OF Artefact > UserStory
********** SUCCESSFUL BUILD OF Artefact > UserStory
********** SUCCESSFUL BUILD OF Artefact > UserStory
********** SUCCESSFUL BUILD OF Artefact > UserStory
********** SUCCESSFUL BUILD OF Artefact > UserStory
********** SUCCESSFUL BUILD OF Artefact > UserStory
********** SUCCESSFUL BUILD OF Artefact > UserStory
********** SUCCESSFUL BUILD OF Artefact > UserStory
********** SUCCESSFUL BUILD OF Artefact > UserStory
********** SUCCESSFUL BUILD OF Artefact > UserStory
]]></system-out>
  <system-err><![CDATA[--Output from testBuildAllDomains--
]]></system-err>
</testsuite>
