<?xml version="1.0" encoding="UTF-8" ?>
<testsuite errors="0" failures="1" hostname="EX064" name="testgrails.MileStoneTests" tests="1" time="1.219" timestamp="2013-02-28T15:39:46">
  <properties />
  <testcase classname="testgrails.MileStoneTests" name="testSomething" time="0.719">
    <failure message="junit.framework.AssertionFailedError: Implement me" type="junit.framework.AssertionFailedError">junit.framework.AssertionFailedError: junit.framework.AssertionFailedError: Implement me
	at testgrails.MileStoneTests.testSomething(MileStoneTests.groovy:15)
</failure>
  </testcase>
  <system-out><![CDATA[--Output from testSomething--
]]></system-out>
  <system-err><![CDATA[--Output from testSomething--
]]></system-err>
</testsuite>
