<?xml version="1.0" encoding="UTF-8" ?>
<testsuite errors="0" failures="1" hostname="EX064" name="testgrails.FirstEffortEstimateTests" tests="1" time="0.86" timestamp="2013-02-28T15:39:45">
  <properties />
  <testcase classname="testgrails.FirstEffortEstimateTests" name="testSomething" time="0.563">
    <failure message="junit.framework.AssertionFailedError: Implement me" type="junit.framework.AssertionFailedError">junit.framework.AssertionFailedError: junit.framework.AssertionFailedError: Implement me
	at testgrails.FirstEffortEstimateTests.testSomething(FirstEffortEstimateTests.groovy:15)
</failure>
  </testcase>
  <system-out><![CDATA[--Output from testSomething--
]]></system-out>
  <system-err><![CDATA[--Output from testSomething--
]]></system-err>
</testsuite>
