<?xml version="1.0" encoding="UTF-8" ?>
<testsuite errors="0" failures="1" hostname="EX064" name="testgrails.EpicRestControllerTests" tests="1" time="3.079" timestamp="2013-02-28T15:39:40">
  <properties />
  <testcase classname="testgrails.EpicRestControllerTests" name="testSomething" time="2.813">
    <failure message="junit.framework.AssertionFailedError: Implement me" type="junit.framework.AssertionFailedError">junit.framework.AssertionFailedError: junit.framework.AssertionFailedError: Implement me
	at testgrails.EpicRestControllerTests.testSomething(EpicRestControllerTests.groovy:15)
</failure>
  </testcase>
  <system-out><![CDATA[--Output from testSomething--
]]></system-out>
  <system-err><![CDATA[--Output from testSomething--
]]></system-err>
</testsuite>
