<?xml version="1.0" encoding="UTF-8" ?>
<testsuite errors="0" failures="1" hostname="EX064" name="testgrails.RoleRestControllerTests" tests="1" time="0.735" timestamp="2013-02-28T15:39:49">
  <properties />
  <testcase classname="testgrails.RoleRestControllerTests" name="testSomething" time="0.5">
    <failure message="junit.framework.AssertionFailedError: Implement me" type="junit.framework.AssertionFailedError">junit.framework.AssertionFailedError: junit.framework.AssertionFailedError: Implement me
	at testgrails.RoleRestControllerTests.testSomething(RoleRestControllerTests.groovy:15)
</failure>
  </testcase>
  <system-out><![CDATA[--Output from testSomething--
]]></system-out>
  <system-err><![CDATA[--Output from testSomething--
]]></system-err>
</testsuite>
