<?xml version="1.0" encoding="UTF-8" ?>
<testsuite errors="0" failures="0" hostname="EX064" name="testgrails.RestFunctionalTests" tests="1" time="5.346" timestamp="2013-02-28T15:40:27">
  <properties />
  <testcase classname="testgrails.RestFunctionalTests" name="testGetRoles" time="5.346" />
  <system-out><![CDATA[--Output from testGetRoles--
Switching to browser client [default]
Creating to new client [default] of type [class com.grailsrocks.functionaltest.client.BrowserClient]

== Making request GET http://localhost:8080/TestGrails/rolenames parameters: ===
== Request headers: ============================================================
Accept-Encoding: gzip, deflate
Accept: */*
== Content =====================================================================

================================================================================
Interceptor createPage: TopLevelWindow[name=""]
Content of web window [TopLevelWindow[name=""]] changed
== Response was 200 (OK) headers: ==============================================
================================================================================
== Content =====================================================================
[["Administrator",41],["Standard User",42]]
================================================================================
#
]]></system-out>
  <system-err><![CDATA[--Output from testGetRoles--
]]></system-err>
</testsuite>
